[0.013s] Invoking command in '/home/liam/ros2_ws/src/global_controller_single_robot/build/global_controller_single_robot': CMAKE_PREFIX_PATH=/home/liam/ros2_ws/install/ur_simulation_gazebo:/home/liam/ros2_ws/install/ur5_ros2_moveit2:/home/liam/ros2_ws/install/ur5_ros2_gazebo:/home/liam/ros2_ws/install/ur3_ros2_moveit2:/home/liam/ros2_ws/install/ur3_ros2_gazebo:/home/liam/ros2_ws/install/ur10_ros2_moveit2:/home/liam/ros2_ws/install/ur10_ros2_gazebo:/home/liam/ros2_ws/install/turtlesim:/home/liam/ros2_ws/install/turtlebot_controller:/home/liam/ros2_ws/install/turtlebot3:/home/liam/ros2_ws/install/turtlebot3_simulations:/home/liam/ros2_ws/install/turtlebot3_bringup:/home/liam/ros2_ws/install/turtlebot3_node:/home/liam/ros2_ws/install/turtlebot3_navigation2:/home/liam/ros2_ws/install/turtlebot3_fake_node:/home/liam/ros2_ws/install/turtlebot3_msgs:/home/liam/ros2_ws/install/turtlebot3_gazebo:/home/liam/ros2_ws/install/turtlebot3_description:/home/liam/ros2_ws/install/turtlebot3_cartographer:/home/liam/ros2_ws/install/sprint_1:/home/liam/ros2_ws/install/moveit_task_constructor_visualization:/home/liam/ros2_ws/install/moveit_task_constructor_demo:/home/liam/ros2_ws/install/moveit_task_constructor_capabilities:/home/liam/ros2_ws/install/moveit2_tutorials:/home/liam/ros2_ws/install/moveit_task_constructor_core:/home/liam/ros2_ws/install/rviz_marker_tools:/home/liam/ros2_ws/install/turtlebot3_teleop:/home/liam/ros2_ws/install/turtlebot3_example:/opt/ros/humble:/home/liam/ros2_ws/install/ros2_ur3_husky:/home/liam/ros2_ws/install/ros2_grasping:/home/liam/ros2_ws/install/ros2_execution:/home/liam/ros2_ws/install/panda_ros2_moveit2:/home/liam/ros2_ws/install/irb6640_ros2_moveit2:/home/liam/ros2_ws/install/irb120_ros2_moveit2:/home/liam/ros2_ws/install/irb1200_ros2_moveit2:/home/liam/ros2_ws/install/iiwa_ros2_moveit2:/home/liam/ros2_ws/install/cr35ia_ros2_moveit2:/home/liam/ros2_ws/install/ros2_data:/home/liam/ros2_ws/install/robot_localization:/home/liam/ros2_ws/install/pybind11_vendor:/home/liam/ros2_ws/install/panda_ros2_gazebo:/home/liam/ros2_ws/install/moveit_task_constructor_msgs:/home/liam/ros2_ws/install/irb6640_ros2_gazebo:/home/liam/ros2_ws/install/irb120_ros2_gazebo:/home/liam/ros2_ws/install/irb1200_ros2_gazebo:/home/liam/ros2_ws/install/iiwa_ros2_gazebo:/home/liam/ros2_ws/install/husky_simulations:/home/liam/ros2_ws/install/husky_gazebo:/home/liam/ros2_ws/install/global_controller_single_robot:/home/liam/ros2_ws/install/global_controller:/home/liam/ros2_ws/install/dynamixel_sdk_examples:/home/liam/ros2_ws/install/dynamixel_sdk_custom_interfaces:/home/liam/ros2_ws/install/dynamixel_sdk:/home/liam/ros2_ws/install/cr35ia_ros2_gazebo /usr/bin/cmake /home/liam/ros2_ws/src/global_controller_single_robot -DCMAKE_INSTALL_PREFIX=/home/liam/ros2_ws/src/global_controller_single_robot/install/global_controller_single_robot
[0.020s] Invoked command in '/home/liam/ros2_ws/src/global_controller_single_robot/build/global_controller_single_robot' returned '-2': CMAKE_PREFIX_PATH=/home/liam/ros2_ws/install/ur_simulation_gazebo:/home/liam/ros2_ws/install/ur5_ros2_moveit2:/home/liam/ros2_ws/install/ur5_ros2_gazebo:/home/liam/ros2_ws/install/ur3_ros2_moveit2:/home/liam/ros2_ws/install/ur3_ros2_gazebo:/home/liam/ros2_ws/install/ur10_ros2_moveit2:/home/liam/ros2_ws/install/ur10_ros2_gazebo:/home/liam/ros2_ws/install/turtlesim:/home/liam/ros2_ws/install/turtlebot_controller:/home/liam/ros2_ws/install/turtlebot3:/home/liam/ros2_ws/install/turtlebot3_simulations:/home/liam/ros2_ws/install/turtlebot3_bringup:/home/liam/ros2_ws/install/turtlebot3_node:/home/liam/ros2_ws/install/turtlebot3_navigation2:/home/liam/ros2_ws/install/turtlebot3_fake_node:/home/liam/ros2_ws/install/turtlebot3_msgs:/home/liam/ros2_ws/install/turtlebot3_gazebo:/home/liam/ros2_ws/install/turtlebot3_description:/home/liam/ros2_ws/install/turtlebot3_cartographer:/home/liam/ros2_ws/install/sprint_1:/home/liam/ros2_ws/install/moveit_task_constructor_visualization:/home/liam/ros2_ws/install/moveit_task_constructor_demo:/home/liam/ros2_ws/install/moveit_task_constructor_capabilities:/home/liam/ros2_ws/install/moveit2_tutorials:/home/liam/ros2_ws/install/moveit_task_constructor_core:/home/liam/ros2_ws/install/rviz_marker_tools:/home/liam/ros2_ws/install/turtlebot3_teleop:/home/liam/ros2_ws/install/turtlebot3_example:/opt/ros/humble:/home/liam/ros2_ws/install/ros2_ur3_husky:/home/liam/ros2_ws/install/ros2_grasping:/home/liam/ros2_ws/install/ros2_execution:/home/liam/ros2_ws/install/panda_ros2_moveit2:/home/liam/ros2_ws/install/irb6640_ros2_moveit2:/home/liam/ros2_ws/install/irb120_ros2_moveit2:/home/liam/ros2_ws/install/irb1200_ros2_moveit2:/home/liam/ros2_ws/install/iiwa_ros2_moveit2:/home/liam/ros2_ws/install/cr35ia_ros2_moveit2:/home/liam/ros2_ws/install/ros2_data:/home/liam/ros2_ws/install/robot_localization:/home/liam/ros2_ws/install/pybind11_vendor:/home/liam/ros2_ws/install/panda_ros2_gazebo:/home/liam/ros2_ws/install/moveit_task_constructor_msgs:/home/liam/ros2_ws/install/irb6640_ros2_gazebo:/home/liam/ros2_ws/install/irb120_ros2_gazebo:/home/liam/ros2_ws/install/irb1200_ros2_gazebo:/home/liam/ros2_ws/install/iiwa_ros2_gazebo:/home/liam/ros2_ws/install/husky_simulations:/home/liam/ros2_ws/install/husky_gazebo:/home/liam/ros2_ws/install/global_controller_single_robot:/home/liam/ros2_ws/install/global_controller:/home/liam/ros2_ws/install/dynamixel_sdk_examples:/home/liam/ros2_ws/install/dynamixel_sdk_custom_interfaces:/home/liam/ros2_ws/install/dynamixel_sdk:/home/liam/ros2_ws/install/cr35ia_ros2_gazebo /usr/bin/cmake /home/liam/ros2_ws/src/global_controller_single_robot -DCMAKE_INSTALL_PREFIX=/home/liam/ros2_ws/src/global_controller_single_robot/install/global_controller_single_robot
[0.023s] Traceback (most recent call last):
  File "/usr/lib/python3/dist-packages/colcon_parallel_executor/executor/parallel.py", line 75, in execute
    loop.run_until_complete(future)
  File "/usr/lib/python3.10/asyncio/base_events.py", line 636, in run_until_complete
    self.run_forever()
  File "/usr/lib/python3.10/asyncio/base_events.py", line 603, in run_forever
    self._run_once()
  File "/usr/lib/python3.10/asyncio/base_events.py", line 1871, in _run_once
    event_list = self._selector.select(timeout)
  File "/usr/lib/python3.10/selectors.py", line 469, in select
    fd_event_list = self._selector.poll(timeout, max_ev)
KeyboardInterrupt

During handling of the above exception, another exception occurred:

Traceback (most recent call last):
  File "/usr/lib/python3/dist-packages/colcon_core/executor/__init__.py", line 91, in __call__
    rc = await self.task(*args, **kwargs)
  File "/usr/lib/python3/dist-packages/colcon_core/task/__init__.py", line 93, in __call__
    return await task_method(*args, **kwargs)
  File "/usr/lib/python3/dist-packages/colcon_ros/task/ament_cmake/build.py", line 59, in build
    rc = await extension.build(
  File "/usr/lib/python3/dist-packages/colcon_cmake/task/cmake/build.py", line 87, in build
    rc = await self._reconfigure(args, env)
  File "/usr/lib/python3/dist-packages/colcon_cmake/task/cmake/build.py", line 182, in _reconfigure
    buildfile = get_buildfile(cmake_cache)
  File "/usr/lib/python3/dist-packages/colcon_cmake/task/cmake/__init__.py", line 114, in get_buildfile
    if 'Visual Studio' in generator:
TypeError: argument of type 'NoneType' is not iterable
