[0.015s] Invoking command in '/home/student/ros2_ws/build/global_controller_single_robot': CMAKE_PREFIX_PATH=${CMAKE_PREFIX_PATH}:/home/student/ros2_ws/install/turtlebot3_teleop:/home/student/ros2_ws/install/turtlebot3_example:/opt/ros/humble /usr/bin/cmake /home/student/ros2_ws/src/global_controller_single_robot -DCMAKE_INSTALL_PREFIX=/home/student/ros2_ws/install/global_controller_single_robot
[0.130s] -- The C compiler identification is GNU 11.4.0
[0.212s] -- The CXX compiler identification is GNU 11.4.0
[0.226s] -- Detecting C compiler ABI info
[0.355s] -- Detecting C compiler ABI info - done
[0.368s] -- Check for working C compiler: /usr/bin/cc - skipped
[0.368s] -- Detecting C compile features
[0.369s] -- Detecting C compile features - done
[0.373s] -- Detecting CXX compiler ABI info
[0.514s] -- Detecting CXX compiler ABI info - done
[0.530s] -- Check for working CXX compiler: /usr/bin/c++ - skipped
[0.530s] -- Detecting CXX compile features
[0.531s] -- Detecting CXX compile features - done
[0.536s] -- Found ament_cmake: 1.3.10 (/opt/ros/humble/share/ament_cmake/cmake)
[0.788s] -- Found Python3: /usr/bin/python3 (found version "3.10.12") found components: Interpreter 
[0.993s] -- Found rclcpp: 16.0.10 (/opt/ros/humble/share/rclcpp/cmake)
[1.082s] -- Found rosidl_generator_c: 3.1.5 (/opt/ros/humble/share/rosidl_generator_c/cmake)
[1.095s] -- Found rosidl_adapter: 3.1.5 (/opt/ros/humble/share/rosidl_adapter/cmake)
[1.117s] -- Found rosidl_generator_cpp: 3.1.5 (/opt/ros/humble/share/rosidl_generator_cpp/cmake)
[1.140s] -- Using all available rosidl_typesupport_c: rosidl_typesupport_fastrtps_c;rosidl_typesupport_introspection_c
[1.175s] -- Using all available rosidl_typesupport_cpp: rosidl_typesupport_fastrtps_cpp;rosidl_typesupport_introspection_cpp
[1.274s] -- Found rmw_implementation_cmake: 6.1.2 (/opt/ros/humble/share/rmw_implementation_cmake/cmake)
[1.283s] -- Found rmw_fastrtps_cpp: 6.2.7 (/opt/ros/humble/share/rmw_fastrtps_cpp/cmake)
[1.502s] -- Found OpenSSL: /usr/lib/x86_64-linux-gnu/libcrypto.so (found version "3.0.2")  
[1.607s] -- Found FastRTPS: /opt/ros/humble/include  
[1.720s] -- Using RMW implementation 'rmw_fastrtps_cpp' as default
[1.741s] -- Looking for pthread.h
[2.026s] -- Looking for pthread.h - found
[2.027s] -- Performing Test CMAKE_HAVE_LIBC_PTHREAD
[2.357s] -- Performing Test CMAKE_HAVE_LIBC_PTHREAD - Success
[2.369s] -- Found Threads: TRUE  
[2.603s] -- Found geometry_msgs: 4.2.4 (/opt/ros/humble/share/geometry_msgs/cmake)
[2.673s] -- Found nav_msgs: 4.2.4 (/opt/ros/humble/share/nav_msgs/cmake)
[2.749s] -- Found sensor_msgs: 4.2.4 (/opt/ros/humble/share/sensor_msgs/cmake)
[2.856s] -- Found tf2_geometry_msgs: 0.25.8 (/opt/ros/humble/share/tf2_geometry_msgs/cmake)
[2.912s] -- Found eigen3_cmake_module: 0.1.1 (/opt/ros/humble/share/eigen3_cmake_module/cmake)
[2.923s] -- Found Eigen3: TRUE (found version "3.4.0") 
[2.923s] -- Ensuring Eigen3 include directory is part of orocos-kdl CMake target
[3.477s] -- Found OpenCV: /usr (found version "4.5.4") 
[3.489s] -- Found nlohmann_json: /usr/lib/cmake/nlohmann_json/nlohmann_jsonConfig.cmake (found version "3.10.5") 
[3.507s] -- Found warehouse_robot_msgs: 0.0.0 (/home/student/ros2_ws/install/warehouse_robot_msgs/share/warehouse_robot_msgs/cmake)
[4.028s] -- Configuring done
[4.179s] -- Generating done
[4.191s] -- Build files have been written to: /home/student/ros2_ws/build/global_controller_single_robot
[4.300s] Invoked command in '/home/student/ros2_ws/build/global_controller_single_robot' returned '0': CMAKE_PREFIX_PATH=${CMAKE_PREFIX_PATH}:/home/student/ros2_ws/install/turtlebot3_teleop:/home/student/ros2_ws/install/turtlebot3_example:/opt/ros/humble /usr/bin/cmake /home/student/ros2_ws/src/global_controller_single_robot -DCMAKE_INSTALL_PREFIX=/home/student/ros2_ws/install/global_controller_single_robot
[4.301s] Invoking command in '/home/student/ros2_ws/build/global_controller_single_robot': CMAKE_PREFIX_PATH=${CMAKE_PREFIX_PATH}:/home/student/ros2_ws/install/turtlebot3_teleop:/home/student/ros2_ws/install/turtlebot3_example:/opt/ros/humble /usr/bin/cmake --build /home/student/ros2_ws/build/global_controller_single_robot -- -j8 -l8
[7.752s] [ 16%] [32mBuilding CXX object CMakeFiles/global_controller_single_robot.dir/src/global_controller.cpp.o[0m
[7.752s] [ 33%] [32mBuilding CXX object CMakeFiles/global_controller_single_robot.dir/src/main.cpp.o[0m
[7.752s] [ 50%] [32mBuilding CXX object CMakeFiles/global_controller_single_robot.dir/src/task_allocation.cpp.o[0m
[7.752s] [ 66%] [32mBuilding CXX object CMakeFiles/global_controller_single_robot.dir/src/prm2.cpp.o[0m
[7.753s] [ 83%] [32mBuilding CXX object CMakeFiles/global_controller_single_robot.dir/src/turtlebot_manager.cpp.o[0m
[7.764s] In file included from [01m[K/home/student/ros2_ws/src/global_controller_single_robot/src/task_allocation.cpp:3[m[K:
[7.765s] [01m[K/home/student/ros2_ws/src/global_controller_single_robot/src/task_allocation.hpp:10:10:[m[K [01;31m[Kfatal error: [m[Kmarker_msgs/msg/marker.hpp: No such file or directory
[7.768s]    10 | #include [01;31m[K"marker_msgs/msg/marker.hpp"[m[K
[7.768s]       |          [01;31m[K^~~~~~~~~~~~~~~~~~~~~~~~~~~~[m[K
[7.768s] compilation terminated.
[7.768s] gmake[2]: *** [CMakeFiles/global_controller_single_robot.dir/build.make:104: CMakeFiles/global_controller_single_robot.dir/src/task_allocation.cpp.o] Error 1
[7.769s] gmake[2]: *** Waiting for unfinished jobs....
[7.769s] In file included from [01m[K/home/student/ros2_ws/src/global_controller_single_robot/src/global_controller.hpp:17[m[K,
[7.769s]                  from [01m[K/home/student/ros2_ws/src/global_controller_single_robot/src/global_controller.cpp:3[m[K:
[7.773s] [01m[K/home/student/ros2_ws/src/global_controller_single_robot/src/task_allocation.hpp:10:10:[m[K [01;31m[Kfatal error: [m[Kmarker_msgs/msg/marker.hpp: No such file or directory
[7.773s]    10 | #include [01;31m[K"marker_msgs/msg/marker.hpp"[m[K
[7.773s]       |          [01;31m[K^~~~~~~~~~~~~~~~~~~~~~~~~~~~[m[K
[7.773s] compilation terminated.
[7.773s] In file included from [01m[K/home/student/ros2_ws/src/global_controller_single_robot/src/global_controller.hpp:17[m[K,
[7.774s]                  from [01m[K/home/student/ros2_ws/src/global_controller_single_robot/src/main.cpp:2[m[K:
[7.774s] [01m[K/home/student/ros2_ws/src/global_controller_single_robot/src/task_allocation.hpp:10:10:[m[K [01;31m[Kfatal error: [m[Kmarker_msgs/msg/marker.hpp: No such file or directory
[7.774s]    10 | #include [01;31m[K"marker_msgs/msg/marker.hpp"[m[K
[7.774s]       |          [01;31m[K^~~~~~~~~~~~~~~~~~~~~~~~~~~~[m[K
[7.774s] gmake[2]: *** [CMakeFiles/global_controller_single_robot.dir/build.make:76: CMakeFiles/global_controller_single_robot.dir/src/global_controller.cpp.o] Error 1
[7.774s] compilation terminated.
[7.774s] gmake[2]: *** [CMakeFiles/global_controller_single_robot.dir/build.make:90: CMakeFiles/global_controller_single_robot.dir/src/main.cpp.o] Error 1
[33.908s] gmake[1]: *** [CMakeFiles/Makefile2:137: CMakeFiles/global_controller_single_robot.dir/all] Error 2
[33.908s] gmake: *** [Makefile:146: all] Error 2
[33.912s] Invoked command in '/home/student/ros2_ws/build/global_controller_single_robot' returned '2': CMAKE_PREFIX_PATH=${CMAKE_PREFIX_PATH}:/home/student/ros2_ws/install/turtlebot3_teleop:/home/student/ros2_ws/install/turtlebot3_example:/opt/ros/humble /usr/bin/cmake --build /home/student/ros2_ws/build/global_controller_single_robot -- -j8 -l8
