[0.000000] (-) TimerEvent: {}
[0.000356] (global_controller_single_robot) JobQueued: {'identifier': 'global_controller_single_robot', 'dependencies': OrderedDict()}
[0.000490] (global_controller_single_robot) JobStarted: {'identifier': 'global_controller_single_robot'}
[0.012154] (global_controller_single_robot) JobProgress: {'identifier': 'global_controller_single_robot', 'progress': 'cmake'}
[0.012418] (global_controller_single_robot) Command: {'cmd': ['/usr/bin/cmake', '/home/liam/ros2_ws/src/global_controller_single_robot', '-DCMAKE_INSTALL_PREFIX=/home/liam/ros2_ws/src/global_controller_single_robot/install/global_controller_single_robot'], 'cwd': '/home/liam/ros2_ws/src/global_controller_single_robot/build/global_controller_single_robot', 'env': OrderedDict([('LESSOPEN', '| /usr/bin/lesspipe %s'), ('LANGUAGE', 'en_AU:en'), ('USER', 'liam'), ('ROS_PACKAGE_PATH', '/home/liam/ros2_ws/install/ros2_ur3_husky/share'), ('XDG_SESSION_TYPE', 'wayland'), ('SHLVL', '1'), ('LD_LIBRARY_PATH', '/home/liam/ros2_ws/install/turtlesim/lib:/home/liam/ros2_ws/install/turtlebot3_msgs/lib:/home/liam/ros2_ws/install/moveit_task_constructor_visualization/lib:/home/liam/ros2_ws/install/moveit_task_constructor_demo/lib:/home/liam/ros2_ws/install/moveit_task_constructor_capabilities/lib:/home/liam/ros2_ws/install/moveit_task_constructor_core/lib:/home/liam/ros2_ws/install/rviz_marker_tools/lib:/home/liam/ros2_ws/install/ros2_grasping/lib:/home/liam/ros2_ws/install/ros2_data/lib:/home/liam/ros2_ws/install/robot_localization/lib:/home/liam/ros2_ws/install/moveit_task_constructor_msgs/lib:/home/liam/ros2_ws/install/dynamixel_sdk_custom_interfaces/lib:/home/liam/ros2_ws/install/dynamixel_sdk/lib:/usr/lib/x86_64-linux-gnu/gazebo-11/plugins:/opt/ros/humble/opt/rviz_ogre_vendor/lib:/opt/ros/humble/lib/x86_64-linux-gnu:/opt/ros/humble/lib:/usr/lib/x86_64-linux-gnu/gazebo-11/plugins:'), ('HOME', '/home/liam'), ('OLDPWD', '/home/liam/ros2_ws/src'), ('DESKTOP_SESSION', 'ubuntu'), ('GAZEBO_MASTER_URI', 'http://localhost:11345'), ('ROS_PYTHON_VERSION', '3'), ('GNOME_SHELL_SESSION_MODE', 'ubuntu'), ('GTK_MODULES', 'gail:atk-bridge'), ('SYSTEMD_EXEC_PID', '1632'), ('DBUS_SESSION_BUS_ADDRESS', 'unix:path=/run/user/1000/bus'), ('COLORTERM', 'truecolor'), ('IM_CONFIG_PHASE', '1'), ('WAYLAND_DISPLAY', 'wayland-0'), ('COLCON_PREFIX_PATH', '/home/liam/ros2_ws/install'), ('ROS_DISTRO', 'humble'), ('LOGNAME', 'liam'), ('_', '/usr/bin/colcon'), ('ROS_VERSION', '2'), ('PKG_CONFIG_PATH', '/home/liam/ros2_ws/install/ros2_ur3_husky/lib/x86_64-linux-gnu/pkgconfig:/home/liam/ros2_ws/install/ros2_ur3_husky/lib/pkgconfig'), ('XDG_SESSION_CLASS', 'user'), ('USERNAME', 'liam'), ('TERM', 'xterm-256color'), ('GAZEBO_MODEL_PATH', '/usr/share/gazebo-11/models:'), ('GNOME_DESKTOP_SESSION_ID', 'this-is-deprecated'), ('ROS_LOCALHOST_ONLY', '0'), ('OGRE_RESOURCE_PATH', '/usr/lib/x86_64-linux-gnu/OGRE-1.9.0'), ('PATH', '/opt/ros/humble/bin:/home/liam/.local/bin:/usr/local/sbin:/usr/local/bin:/usr/sbin:/usr/bin:/sbin:/bin:/usr/games:/usr/local/games:/snap/bin:/snap/bin'), ('SESSION_MANAGER', 'local/Liam-ROS2:@/tmp/.ICE-unix/1603,unix/Liam-ROS2:/tmp/.ICE-unix/1603'), ('XDG_MENU_PREFIX', 'gnome-'), ('GNOME_TERMINAL_SCREEN', '/org/gnome/Terminal/screen/320e7847_9932_4dd9_aed7_525c2be9907e'), ('GNOME_SETUP_DISPLAY', ':1'), ('XDG_RUNTIME_DIR', '/run/user/1000'), ('DISPLAY', ':0'), ('LANG', 'en_US.UTF-8'), ('XDG_CURRENT_DESKTOP', 'ubuntu:GNOME'), ('XMODIFIERS', '@im=ibus'), ('XDG_SESSION_DESKTOP', 'ubuntu'), ('XAUTHORITY', '/run/user/1000/.mutter-Xwaylandauth.S30HT2'), ('LS_COLORS', 'rs=0:di=01;34:ln=01;36:mh=00:pi=40;33:so=01;35:do=01;35:bd=40;33;01:cd=40;33;01:or=40;31;01:mi=00:su=37;41:sg=30;43:ca=30;41:tw=30;42:ow=34;42:st=37;44:ex=01;32:*.tar=01;31:*.tgz=01;31:*.arc=01;31:*.arj=01;31:*.taz=01;31:*.lha=01;31:*.lz4=01;31:*.lzh=01;31:*.lzma=01;31:*.tlz=01;31:*.txz=01;31:*.tzo=01;31:*.t7z=01;31:*.zip=01;31:*.z=01;31:*.dz=01;31:*.gz=01;31:*.lrz=01;31:*.lz=01;31:*.lzo=01;31:*.xz=01;31:*.zst=01;31:*.tzst=01;31:*.bz2=01;31:*.bz=01;31:*.tbz=01;31:*.tbz2=01;31:*.tz=01;31:*.deb=01;31:*.rpm=01;31:*.jar=01;31:*.war=01;31:*.ear=01;31:*.sar=01;31:*.rar=01;31:*.alz=01;31:*.ace=01;31:*.zoo=01;31:*.cpio=01;31:*.7z=01;31:*.rz=01;31:*.cab=01;31:*.wim=01;31:*.swm=01;31:*.dwm=01;31:*.esd=01;31:*.jpg=01;35:*.jpeg=01;35:*.mjpg=01;35:*.mjpeg=01;35:*.gif=01;35:*.bmp=01;35:*.pbm=01;35:*.pgm=01;35:*.ppm=01;35:*.tga=01;35:*.xbm=01;35:*.xpm=01;35:*.tif=01;35:*.tiff=01;35:*.png=01;35:*.svg=01;35:*.svgz=01;35:*.mng=01;35:*.pcx=01;35:*.mov=01;35:*.mpg=01;35:*.mpeg=01;35:*.m2v=01;35:*.mkv=01;35:*.webm=01;35:*.webp=01;35:*.ogm=01;35:*.mp4=01;35:*.m4v=01;35:*.mp4v=01;35:*.vob=01;35:*.qt=01;35:*.nuv=01;35:*.wmv=01;35:*.asf=01;35:*.rm=01;35:*.rmvb=01;35:*.flc=01;35:*.avi=01;35:*.fli=01;35:*.flv=01;35:*.gl=01;35:*.dl=01;35:*.xcf=01;35:*.xwd=01;35:*.yuv=01;35:*.cgm=01;35:*.emf=01;35:*.ogv=01;35:*.ogx=01;35:*.aac=00;36:*.au=00;36:*.flac=00;36:*.m4a=00;36:*.mid=00;36:*.midi=00;36:*.mka=00;36:*.mp3=00;36:*.mpc=00;36:*.ogg=00;36:*.ra=00;36:*.wav=00;36:*.oga=00;36:*.opus=00;36:*.spx=00;36:*.xspf=00;36:'), ('GNOME_TERMINAL_SERVICE', ':1.108'), ('SSH_AGENT_LAUNCHER', 'gnome-keyring'), ('SSH_AUTH_SOCK', '/run/user/1000/keyring/ssh'), ('ROS_DOMAIN_ID', '30'), ('AMENT_PREFIX_PATH', '/home/liam/ros2_ws/install/ur_simulation_gazebo:/home/liam/ros2_ws/install/ur5_ros2_moveit2:/home/liam/ros2_ws/install/ur5_ros2_gazebo:/home/liam/ros2_ws/install/ur3_ros2_moveit2:/home/liam/ros2_ws/install/ur3_ros2_gazebo:/home/liam/ros2_ws/install/ur10_ros2_moveit2:/home/liam/ros2_ws/install/ur10_ros2_gazebo:/home/liam/ros2_ws/install/turtlesim:/home/liam/ros2_ws/install/turtlebot_controller:/home/liam/ros2_ws/install/turtlebot3:/home/liam/ros2_ws/install/turtlebot3_teleop:/home/liam/ros2_ws/install/turtlebot3_simulations:/home/liam/ros2_ws/install/turtlebot3_bringup:/home/liam/ros2_ws/install/turtlebot3_node:/home/liam/ros2_ws/install/turtlebot3_navigation2:/home/liam/ros2_ws/install/turtlebot3_fake_node:/home/liam/ros2_ws/install/turtlebot3_example:/home/liam/ros2_ws/install/turtlebot3_msgs:/home/liam/ros2_ws/install/turtlebot3_gazebo:/home/liam/ros2_ws/install/turtlebot3_description:/home/liam/ros2_ws/install/turtlebot3_cartographer:/home/liam/ros2_ws/install/sprint_1:/home/liam/ros2_ws/install/moveit_task_constructor_visualization:/home/liam/ros2_ws/install/moveit_task_constructor_demo:/home/liam/ros2_ws/install/moveit_task_constructor_capabilities:/home/liam/ros2_ws/install/moveit2_tutorials:/home/liam/ros2_ws/install/moveit_task_constructor_core:/home/liam/ros2_ws/install/rviz_marker_tools:/home/liam/ros2_ws/install/ros2_grasping:/home/liam/ros2_ws/install/ros2_execution:/home/liam/ros2_ws/install/panda_ros2_moveit2:/home/liam/ros2_ws/install/irb6640_ros2_moveit2:/home/liam/ros2_ws/install/irb120_ros2_moveit2:/home/liam/ros2_ws/install/irb1200_ros2_moveit2:/home/liam/ros2_ws/install/iiwa_ros2_moveit2:/home/liam/ros2_ws/install/cr35ia_ros2_moveit2:/home/liam/ros2_ws/install/ros2_data:/home/liam/ros2_ws/install/robot_localization:/home/liam/ros2_ws/install/pybind11_vendor:/home/liam/ros2_ws/install/panda_ros2_gazebo:/home/liam/ros2_ws/install/moveit_task_constructor_msgs:/home/liam/ros2_ws/install/irb6640_ros2_gazebo:/home/liam/ros2_ws/install/irb120_ros2_gazebo:/home/liam/ros2_ws/install/irb1200_ros2_gazebo:/home/liam/ros2_ws/install/iiwa_ros2_gazebo:/home/liam/ros2_ws/install/husky_simulations:/home/liam/ros2_ws/install/husky_gazebo:/home/liam/ros2_ws/install/global_controller_single_robot:/home/liam/ros2_ws/install/global_controller:/home/liam/ros2_ws/install/dynamixel_sdk_examples:/home/liam/ros2_ws/install/dynamixel_sdk_custom_interfaces:/home/liam/ros2_ws/install/dynamixel_sdk:/home/liam/ros2_ws/install/cr35ia_ros2_gazebo:/opt/ros/humble'), ('SHELL', '/bin/bash'), ('QT_ACCESSIBILITY', '1'), ('GDMSESSION', 'ubuntu'), ('LESSCLOSE', '/usr/bin/lesspipe %s %s'), ('CMAKE_MODULE_PATH', '/home/liam/ros2_ws/install/moveit_task_constructor_core/share/moveit_task_constructor_core/cmake'), ('GAZEBO_RESOURCE_PATH', '/usr/share/gazebo-11:/usr/share/gazebo-11/'), ('GAZEBO_MODEL_DATABASE_URI', 'http://models.gazebosim.org'), ('QT_IM_MODULE', 'ibus'), ('PWD', '/home/liam/ros2_ws/src/global_controller_single_robot/build/global_controller_single_robot'), ('LC_ALL', 'en_US.UTF-8'), ('XDG_CONFIG_DIRS', '/etc/xdg/xdg-ubuntu:/etc/xdg'), ('GAZEBO_PLUGIN_PATH', '/usr/lib/x86_64-linux-gnu/gazebo-11/plugins:'), ('XDG_DATA_DIRS', '/usr/share/ubuntu:/usr/local/share/:/usr/share/:/var/lib/snapd/desktop'), ('PYTHONPATH', '/home/liam/ros2_ws/install/turtlesim/local/lib/python3.10/dist-packages:/home/liam/ros2_ws/install/turtlebot3_teleop/lib/python3.10/site-packages:/home/liam/ros2_ws/install/turtlebot3_example/lib/python3.10/site-packages:/home/liam/ros2_ws/install/turtlebot3_msgs/local/lib/python3.10/dist-packages:/home/liam/ros2_ws/install/moveit_task_constructor_core/local/lib/python3.10/dist-packages:/home/liam/ros2_ws/install/ros2_grasping/local/lib/python3.10/dist-packages:/home/liam/ros2_ws/install/ros2_data/local/lib/python3.10/dist-packages:/home/liam/ros2_ws/install/robot_localization/local/lib/python3.10/dist-packages:/home/liam/ros2_ws/install/moveit_task_constructor_msgs/local/lib/python3.10/dist-packages:/home/liam/ros2_ws/install/dynamixel_sdk_custom_interfaces/local/lib/python3.10/dist-packages:/opt/ros/humble/lib/python3.10/site-packages:/opt/ros/humble/local/lib/python3.10/dist-packages'), ('COLCON', '1'), ('VTE_VERSION', '6800'), ('CMAKE_PREFIX_PATH', '/home/liam/ros2_ws/install/ur_simulation_gazebo:/home/liam/ros2_ws/install/ur5_ros2_moveit2:/home/liam/ros2_ws/install/ur5_ros2_gazebo:/home/liam/ros2_ws/install/ur3_ros2_moveit2:/home/liam/ros2_ws/install/ur3_ros2_gazebo:/home/liam/ros2_ws/install/ur10_ros2_moveit2:/home/liam/ros2_ws/install/ur10_ros2_gazebo:/home/liam/ros2_ws/install/turtlesim:/home/liam/ros2_ws/install/turtlebot_controller:/home/liam/ros2_ws/install/turtlebot3:/home/liam/ros2_ws/install/turtlebot3_simulations:/home/liam/ros2_ws/install/turtlebot3_bringup:/home/liam/ros2_ws/install/turtlebot3_node:/home/liam/ros2_ws/install/turtlebot3_navigation2:/home/liam/ros2_ws/install/turtlebot3_fake_node:/home/liam/ros2_ws/install/turtlebot3_msgs:/home/liam/ros2_ws/install/turtlebot3_gazebo:/home/liam/ros2_ws/install/turtlebot3_description:/home/liam/ros2_ws/install/turtlebot3_cartographer:/home/liam/ros2_ws/install/sprint_1:/home/liam/ros2_ws/install/moveit_task_constructor_visualization:/home/liam/ros2_ws/install/moveit_task_constructor_demo:/home/liam/ros2_ws/install/moveit_task_constructor_capabilities:/home/liam/ros2_ws/install/moveit2_tutorials:/home/liam/ros2_ws/install/moveit_task_constructor_core:/home/liam/ros2_ws/install/rviz_marker_tools:/home/liam/ros2_ws/install/turtlebot3_teleop:/home/liam/ros2_ws/install/turtlebot3_example:/opt/ros/humble:/home/liam/ros2_ws/install/ros2_ur3_husky:/home/liam/ros2_ws/install/ros2_grasping:/home/liam/ros2_ws/install/ros2_execution:/home/liam/ros2_ws/install/panda_ros2_moveit2:/home/liam/ros2_ws/install/irb6640_ros2_moveit2:/home/liam/ros2_ws/install/irb120_ros2_moveit2:/home/liam/ros2_ws/install/irb1200_ros2_moveit2:/home/liam/ros2_ws/install/iiwa_ros2_moveit2:/home/liam/ros2_ws/install/cr35ia_ros2_moveit2:/home/liam/ros2_ws/install/ros2_data:/home/liam/ros2_ws/install/robot_localization:/home/liam/ros2_ws/install/pybind11_vendor:/home/liam/ros2_ws/install/panda_ros2_gazebo:/home/liam/ros2_ws/install/moveit_task_constructor_msgs:/home/liam/ros2_ws/install/irb6640_ros2_gazebo:/home/liam/ros2_ws/install/irb120_ros2_gazebo:/home/liam/ros2_ws/install/irb1200_ros2_gazebo:/home/liam/ros2_ws/install/iiwa_ros2_gazebo:/home/liam/ros2_ws/install/husky_simulations:/home/liam/ros2_ws/install/husky_gazebo:/home/liam/ros2_ws/install/global_controller_single_robot:/home/liam/ros2_ws/install/global_controller:/home/liam/ros2_ws/install/dynamixel_sdk_examples:/home/liam/ros2_ws/install/dynamixel_sdk_custom_interfaces:/home/liam/ros2_ws/install/dynamixel_sdk:/home/liam/ros2_ws/install/cr35ia_ros2_gazebo')]), 'shell': False}
[0.019796] (global_controller_single_robot) CommandEnded: {'returncode': -2}
[0.023593] (global_controller_single_robot) StderrLine: {'line': b'Traceback (most recent call last):\n  File "/usr/lib/python3/dist-packages/colcon_parallel_executor/executor/parallel.py", line 75, in execute\n    loop.run_until_complete(future)\n  File "/usr/lib/python3.10/asyncio/base_events.py", line 636, in run_until_complete\n    self.run_forever()\n  File "/usr/lib/python3.10/asyncio/base_events.py", line 603, in run_forever\n    self._run_once()\n  File "/usr/lib/python3.10/asyncio/base_events.py", line 1871, in _run_once\n    event_list = self._selector.select(timeout)\n  File "/usr/lib/python3.10/selectors.py", line 469, in select\n    fd_event_list = self._selector.poll(timeout, max_ev)\nKeyboardInterrupt\n\nDuring handling of the above exception, another exception occurred:\n\nTraceback (most recent call last):\n  File "/usr/lib/python3/dist-packages/colcon_core/executor/__init__.py", line 91, in __call__\n    rc = await self.task(*args, **kwargs)\n  File "/usr/lib/python3/dist-packages/colcon_core/task/__init__.py", line 93, in __call__\n    return await task_method(*args, **kwargs)\n  File "/usr/lib/python3/dist-packages/colcon_ros/task/ament_cmake/build.py", line 59, in build\n    rc = await extension.build(\n  File "/usr/lib/python3/dist-packages/colcon_cmake/task/cmake/build.py", line 87, in build\n    rc = await self._reconfigure(args, env)\n  File "/usr/lib/python3/dist-packages/colcon_cmake/task/cmake/build.py", line 182, in _reconfigure\n    buildfile = get_buildfile(cmake_cache)\n  File "/usr/lib/python3/dist-packages/colcon_cmake/task/cmake/__init__.py", line 114, in get_buildfile\n    if \'Visual Studio\' in generator:\nTypeError: argument of type \'NoneType\' is not iterable\n'}
[0.023696] (global_controller_single_robot) JobEnded: {'identifier': 'global_controller_single_robot', 'rc': 'SIGINT'}
[0.034036] (-) EventReactorShutdown: {}
